<?xml version="1.0" encoding="UTF-8"?>
<!-- Generated by org.testng.reporters.JUnitXMLReporter -->
<testsuite ignored="0" hostname="DESKTOP-P56EDK0" failures="0" tests="2" name="Test" time="0.066" errors="0" timestamp="11 Aug 2023 12:31:29 GMT">
  <testcase classname="testBase.baseClass" name="@BeforeClass Setup" time="0.0">
    <failure type="org.testng.TestNGException" message="
Parameter &amp;apos;browser&amp;apos; is required by BeforeClass on method Setup but has not been marked @Optional or defined
in C:\Users\DELL\eclipse-workspace\openCart\src\test\java\testcases\testng.xml">
      <![CDATA[org.testng.TestNGException: 
Parameter 'browser' is required by BeforeClass on method Setup but has not been marked @Optional or defined
in C:\Users\DELL\eclipse-workspace\openCart\src\test\java\testcases\testng.xml
... Removed 23 stack frames]]>
    </failure>
  </testcase> <!-- @BeforeClass Setup -->
  <testcase classname="testBase.baseClass" name="@AfterClass TearDown" time="0.0">
    <skipped/>
  </testcase> <!-- @AfterClass TearDown -->
  <testcase classname="testBase.baseClass" name="@BeforeClass Setup" time="0.0">
    <failure type="org.testng.TestNGException" message="
Parameter &amp;apos;browser&amp;apos; is required by BeforeClass on method Setup but has not been marked @Optional or defined
in C:\Users\DELL\eclipse-workspace\openCart\src\test\java\testcases\testng.xml">
      <![CDATA[org.testng.TestNGException: 
Parameter 'browser' is required by BeforeClass on method Setup but has not been marked @Optional or defined
in C:\Users\DELL\eclipse-workspace\openCart\src\test\java\testcases\testng.xml
... Removed 23 stack frames]]>
    </failure>
  </testcase> <!-- @BeforeClass Setup -->
  <testcase classname="testBase.baseClass" name="@AfterClass TearDown" time="0.0">
    <skipped/>
  </testcase> <!-- @AfterClass TearDown -->
  <testcase classname="testcases.Tc_01_Registration" name="test_account_registration" time="0.0">
    <skipped/>
  </testcase> <!-- test_account_registration -->
  <testcase classname="testcases.whatsapp" name="Whatsapplogin" time="0.0">
    <skipped/>
  </testcase> <!-- Whatsapplogin -->
</testsuite> <!-- Test -->
